2026-05-25 19:21:47,344 INFO [228375] 奇妙的画笔 reserve=0 -> D:\tmp\taptap_reserve\data\228375.csv
2026-05-25 19:21:49,345 INFO Done. ok=1 skipped=0 failed=0
2026-05-25 19:22:00,741 INFO [740298] 白日梦想屋 reserve=218004 -> D:\tmp\taptap_reserve\data\740298.csv
2026-05-25 19:22:04,571 INFO [759688] 卡厄思梦境 reserve=865593 -> D:\tmp\taptap_reserve\data\759688.csv
2026-05-25 19:22:08,887 INFO [746164] 夜幕之下 reserve=1661626 -> D:\tmp\taptap_reserve\data\746164.csv
2026-05-25 19:22:12,635 INFO [383874] 无限大 reserve=3257087 -> D:\tmp\taptap_reserve\data\383874.csv
2026-05-25 19:22:17,102 INFO [733908] 失控进化 reserve=2848377 -> D:\tmp\taptap_reserve\data\733908.csv
2026-05-25 19:22:21,253 INFO [593829] 蓝色星原：旅谣 reserve=1856465 -> D:\tmp\taptap_reserve\data\593829.csv
2026-05-25 19:22:25,261 INFO [772909] 粒粒的小人国 reserve=2274933 -> D:\tmp\taptap_reserve\data\772909.csv
2026-05-25 19:22:29,045 INFO [386208] 望月 reserve=2230458 -> D:\tmp\taptap_reserve\data\386208.csv
2026-05-25 19:22:32,787 INFO [730674] 异人之下 reserve=2127936 -> D:\tmp\taptap_reserve\data\730674.csv
2026-05-25 19:22:36,570 INFO [753921] 崩坏：因缘精灵 reserve=1757682 -> D:\tmp\taptap_reserve\data\753921.csv
2026-05-25 19:22:38,571 INFO Done. ok=10 skipped=0 failed=0
2026-05-25 19:35:08,224 INFO [740298] 白日梦想屋 reserve=218006 -> D:\tmp\taptap_reserve\data\740298.csv
2026-05-25 19:35:10,922 INFO [759688] 卡厄思梦境 reserve=865720 -> D:\tmp\taptap_reserve\data\759688.csv
2026-05-25 19:35:13,631 INFO [746164] 夜幕之下 reserve=1661693 -> D:\tmp\taptap_reserve\data\746164.csv
2026-05-25 19:35:16,369 INFO [383874] 无限大 reserve=3257106 -> D:\tmp\taptap_reserve\data\383874.csv
2026-05-25 19:35:19,101 INFO [733908] 失控进化 reserve=2848383 -> D:\tmp\taptap_reserve\data\733908.csv
2026-05-25 19:35:21,814 INFO [593829] 蓝色星原：旅谣 reserve=1856501 -> D:\tmp\taptap_reserve\data\593829.csv
2026-05-25 19:35:24,558 INFO [772909] 粒粒的小人国 reserve=2274944 -> D:\tmp\taptap_reserve\data\772909.csv
2026-05-25 19:35:27,319 INFO [386208] 望月 reserve=2230470 -> D:\tmp\taptap_reserve\data\386208.csv
2026-05-25 19:35:30,037 INFO [730674] 异人之下 reserve=2127942 -> D:\tmp\taptap_reserve\data\730674.csv
2026-05-25 19:35:32,978 INFO [753921] 崩坏：因缘精灵 reserve=1757692 -> D:\tmp\taptap_reserve\data\753921.csv
2026-05-25 19:35:35,947 INFO [749379] 天堂2：盟约 reserve=38041 -> D:\tmp\taptap_reserve\data\749379.csv
2026-05-25 19:35:37,948 INFO Done. ok=11 skipped=0 failed=0
2026-05-25 19:36:25,025 INFO [740298] 白日梦想屋 reserve=218006 -> D:\tmp\taptap_reserve\reserve.csv
2026-05-25 19:36:28,784 INFO [759688] 卡厄思梦境 reserve=865725 -> D:\tmp\taptap_reserve\reserve.csv
2026-05-25 19:36:32,820 INFO [746164] 夜幕之下 reserve=1661698 -> D:\tmp\taptap_reserve\reserve.csv
2026-05-25 19:36:36,801 INFO [383874] 无限大 reserve=3257107 -> D:\tmp\taptap_reserve\reserve.csv
2026-05-25 19:36:40,694 INFO [733908] 失控进化 reserve=2848385 -> D:\tmp\taptap_reserve\reserve.csv
2026-05-25 19:36:44,749 INFO [593829] 蓝色星原：旅谣 reserve=1856505 -> D:\tmp\taptap_reserve\reserve.csv
2026-05-25 19:36:48,962 INFO [772909] 粒粒的小人国 reserve=2274946 -> D:\tmp\taptap_reserve\reserve.csv
2026-05-25 19:36:53,200 INFO [386208] 望月 reserve=2230472 -> D:\tmp\taptap_reserve\reserve.csv
2026-05-25 19:36:57,459 INFO [730674] 异人之下 reserve=2127945 -> D:\tmp\taptap_reserve\reserve.csv
2026-05-25 19:37:01,759 INFO [753921] 崩坏：因缘精灵 reserve=1757692 -> D:\tmp\taptap_reserve\reserve.csv
2026-05-25 19:37:06,117 INFO [749379] 天堂2：盟约 reserve=38041 -> D:\tmp\taptap_reserve\reserve.csv
2026-05-25 19:37:08,128 INFO Done. ok=11 skipped=0 failed=0
2026-05-25 19:40:38,548 INFO [740298] 白日梦想屋 reserve=218007 -> D:\tmp\taptap_reserve\reserve.csv
2026-05-25 19:40:41,280 INFO [759688] 卡厄思梦境 reserve=865758 -> D:\tmp\taptap_reserve\reserve.csv
2026-05-25 19:40:44,012 INFO [746164] 夜幕之下 reserve=1661730 -> D:\tmp\taptap_reserve\reserve.csv
2026-05-25 19:40:46,698 INFO [383874] 无限大 reserve=3257115 -> D:\tmp\taptap_reserve\reserve.csv
2026-05-25 19:40:49,414 INFO [733908] 失控进化 reserve=2848388 -> D:\tmp\taptap_reserve\reserve.csv
2026-05-25 19:40:52,144 INFO [593829] 蓝色星原：旅谣 reserve=1856511 -> D:\tmp\taptap_reserve\reserve.csv
2026-05-25 19:40:54,833 INFO [772909] 粒粒的小人国 reserve=2274949 -> D:\tmp\taptap_reserve\reserve.csv
2026-05-25 19:40:57,566 INFO [386208] 望月 reserve=2230475 -> D:\tmp\taptap_reserve\reserve.csv
2026-05-25 19:41:00,297 INFO [730674] 异人之下 reserve=2127949 -> D:\tmp\taptap_reserve\reserve.csv
2026-05-25 19:41:02,999 INFO [753921] 崩坏：因缘精灵 reserve=1757696 -> D:\tmp\taptap_reserve\reserve.csv
2026-05-25 19:41:05,746 INFO [749379] 天堂2：盟约 reserve=38041 -> D:\tmp\taptap_reserve\reserve.csv
2026-05-25 19:41:07,747 INFO Done. ok=11 skipped=0 failed=0
2026-05-26 10:00:08,505 INFO [740298] 白日梦想屋 reserve=218260 -> D:\tmp\taptap_reserve\reserve.csv
2026-05-26 10:00:11,268 INFO [759688] 卡厄思梦境 reserve=872571 -> D:\tmp\taptap_reserve\reserve.csv
2026-05-26 10:00:19,284 INFO [746164] 夜幕之下 reserve=1664732 -> D:\tmp\taptap_reserve\reserve.csv
2026-05-26 10:00:22,117 INFO [383874] 无限大 reserve=3257824 -> D:\tmp\taptap_reserve\reserve.csv
2026-05-26 10:00:32,469 INFO [733908] 失控进化 reserve=2848816 -> D:\tmp\taptap_reserve\reserve.csv
2026-05-26 10:00:35,788 INFO [593829] 蓝色星原：旅谣 reserve=1858052 -> D:\tmp\taptap_reserve\reserve.csv
2026-05-26 10:00:42,157 INFO [772909] 粒粒的小人国 reserve=2275451 -> D:\tmp\taptap_reserve\reserve.csv
2026-05-26 10:00:45,066 INFO [386208] 望月 reserve=2230931 -> D:\tmp\taptap_reserve\reserve.csv
2026-05-26 10:00:48,162 INFO [730674] 异人之下 reserve=2128153 -> D:\tmp\taptap_reserve\reserve.csv
2026-05-26 10:00:50,981 INFO [753921] 崩坏：因缘精灵 reserve=1758083 -> D:\tmp\taptap_reserve\reserve.csv
2026-05-26 10:00:53,742 INFO [749379] 天堂2：盟约 reserve=38049 -> D:\tmp\taptap_reserve\reserve.csv
2026-05-26 10:00:55,743 INFO Done. ok=11 skipped=0 failed=0
2026-05-27 10:00:25,094 INFO [740298] 白日梦想屋 reserve=218385 -> D:\tmp\taptap_reserve\reserve.csv
2026-05-27 10:00:28,556 INFO [759688] 卡厄思梦境 reserve=887132 -> D:\tmp\taptap_reserve\reserve.csv
2026-05-27 10:00:31,502 INFO [746164] 夜幕之下 reserve=1670413 -> D:\tmp\taptap_reserve\reserve.csv
2026-05-27 10:00:34,961 INFO [383874] 无限大 reserve=3258998 -> D:\tmp\taptap_reserve\reserve.csv
2026-05-27 10:00:37,993 INFO [733908] 失控进化 reserve=2850025 -> D:\tmp\taptap_reserve\reserve.csv
2026-05-27 10:00:41,425 INFO [593829] 蓝色星原：旅谣 reserve=1860691 -> D:\tmp\taptap_reserve\reserve.csv
2026-05-27 10:00:44,259 INFO [772909] 粒粒的小人国 reserve=2276368 -> D:\tmp\taptap_reserve\reserve.csv
2026-05-27 10:00:47,581 INFO [386208] 望月 reserve=2231622 -> D:\tmp\taptap_reserve\reserve.csv
2026-05-27 10:00:50,354 INFO [730674] 异人之下 reserve=2128611 -> D:\tmp\taptap_reserve\reserve.csv
2026-05-27 10:00:53,324 INFO [753921] 崩坏：因缘精灵 reserve=1759073 -> D:\tmp\taptap_reserve\reserve.csv
2026-05-27 10:00:56,174 INFO [749379] 天堂2：盟约 reserve=38153 -> D:\tmp\taptap_reserve\reserve.csv
2026-05-27 10:00:58,174 INFO Done. ok=11 skipped=0 failed=0
2026-05-28 10:00:11,245 INFO [740298] 不在 [发布前30天, 发布日] 窗口内, 跳过 (release=2026-05-27)
2026-05-28 10:00:12,897 INFO [759688] 卡厄思梦境 reserve=908730 -> D:\tmp\taptap_reserve\reserve.csv
2026-05-28 10:00:15,629 INFO [746164] 夜幕之下 reserve=1676013 -> D:\tmp\taptap_reserve\reserve.csv
2026-05-28 10:00:18,402 INFO [383874] 无限大 reserve=3260009 -> D:\tmp\taptap_reserve\reserve.csv
2026-05-28 10:00:21,170 INFO [733908] 失控进化 reserve=2851889 -> D:\tmp\taptap_reserve\reserve.csv
2026-05-28 10:00:23,936 INFO [593829] 蓝色星原：旅谣 reserve=1863132 -> D:\tmp\taptap_reserve\reserve.csv
2026-05-28 10:00:26,655 INFO [772909] 粒粒的小人国 reserve=2277412 -> D:\tmp\taptap_reserve\reserve.csv
2026-05-28 10:00:29,401 INFO [386208] 望月 reserve=2232426 -> D:\tmp\taptap_reserve\reserve.csv
2026-05-28 10:00:32,857 INFO [730674] 异人之下 reserve=2129430 -> D:\tmp\taptap_reserve\reserve.csv
2026-05-28 10:00:35,745 INFO [753921] 崩坏：因缘精灵 reserve=1759863 -> D:\tmp\taptap_reserve\reserve.csv
2026-05-28 10:00:38,497 INFO [749379] 天堂2：盟约 reserve=38205 -> D:\tmp\taptap_reserve\reserve.csv
2026-05-28 10:00:40,498 INFO Done. ok=10 skipped=1 failed=0
2026-05-29 10:00:07,514 INFO [740298] 不在 [发布前30天, 发布日] 窗口内, 跳过 (release=2026-05-27)
2026-05-29 10:00:07,520 INFO [759688] 不在 [发布前30天, 发布日] 窗口内, 跳过 (release=2026-05-28)
2026-05-29 10:00:08,775 INFO [746164] 夜幕之下 reserve=1682513 -> D:\tmp\taptap_reserve\reserve.csv
2026-05-29 10:00:17,461 INFO [383874] 无限大 reserve=3260953 -> D:\tmp\taptap_reserve\reserve.csv
2026-05-29 10:00:21,798 INFO [733908] 失控进化 reserve=2853830 -> D:\tmp\taptap_reserve\reserve.csv
2026-05-29 10:00:28,767 INFO [593829] 蓝色星原：旅谣 reserve=1864374 -> D:\tmp\taptap_reserve\reserve.csv
2026-05-29 10:00:31,565 INFO [772909] 粒粒的小人国 reserve=2278567 -> D:\tmp\taptap_reserve\reserve.csv
2026-05-29 10:00:34,275 INFO [386208] 望月 reserve=2233307 -> D:\tmp\taptap_reserve\reserve.csv
2026-05-29 10:00:37,102 INFO [730674] 异人之下 reserve=2130118 -> D:\tmp\taptap_reserve\reserve.csv
2026-05-29 10:00:39,767 INFO [753921] 崩坏：因缘精灵 reserve=1760649 -> D:\tmp\taptap_reserve\reserve.csv
2026-05-29 10:00:42,524 INFO [749379] 天堂2：盟约 reserve=38464 -> D:\tmp\taptap_reserve\reserve.csv
2026-05-29 10:00:44,525 INFO Done. ok=9 skipped=2 failed=0
2026-05-30 10:00:12,378 INFO [740298] 不在 [发布前30天, 发布日] 窗口内, 跳过 (release=2026-05-27)
2026-05-30 10:00:12,383 INFO [759688] 不在 [发布前30天, 发布日] 窗口内, 跳过 (release=2026-05-28)
2026-05-30 10:00:27,063 INFO [746164] 夜幕之下 reserve=1691614 -> D:\tmp\taptap_reserve\reserve.csv
2026-05-30 10:00:29,994 INFO [383874] 无限大 reserve=3262864 -> D:\tmp\taptap_reserve\reserve.csv
2026-05-30 10:00:32,781 INFO [733908] 失控进化 reserve=2856361 -> D:\tmp\taptap_reserve\reserve.csv
2026-05-30 10:00:36,005 INFO [593829] 蓝色星原：旅谣 reserve=1865700 -> D:\tmp\taptap_reserve\reserve.csv
2026-05-30 10:00:38,924 INFO [772909] 粒粒的小人国 reserve=2279764 -> D:\tmp\taptap_reserve\reserve.csv
2026-05-30 10:00:41,721 INFO [386208] 望月 reserve=2250619 -> D:\tmp\taptap_reserve\reserve.csv
2026-05-30 10:00:44,990 INFO [730674] 异人之下 reserve=2130776 -> D:\tmp\taptap_reserve\reserve.csv
2026-05-30 10:00:48,815 INFO [753921] 崩坏：因缘精灵 reserve=1761189 -> D:\tmp\taptap_reserve\reserve.csv
2026-05-30 10:00:51,734 INFO [749379] 天堂2：盟约 reserve=38700 -> D:\tmp\taptap_reserve\reserve.csv
2026-05-30 10:00:53,735 INFO Done. ok=9 skipped=2 failed=0
2026-05-31 10:00:15,454 INFO [740298] 不在 [发布前30天, 发布日] 窗口内, 跳过 (release=2026-05-27)
2026-05-31 10:00:15,457 INFO [759688] 不在 [发布前30天, 发布日] 窗口内, 跳过 (release=2026-05-28)
2026-05-31 10:00:25,441 INFO [746164] 夜幕之下 reserve=1704855 -> D:\tmp\taptap_reserve\reserve.csv
2026-05-31 10:00:28,376 INFO [383874] 无限大 reserve=3266569 -> D:\tmp\taptap_reserve\reserve.csv
2026-05-31 10:00:32,892 INFO [733908] 失控进化 reserve=2859542 -> D:\tmp\taptap_reserve\reserve.csv
2026-05-31 10:00:35,823 INFO [593829] 蓝色星原：旅谣 reserve=1867321 -> D:\tmp\taptap_reserve\reserve.csv
2026-05-31 10:00:38,774 INFO [772909] 粒粒的小人国 reserve=2281671 -> D:\tmp\taptap_reserve\reserve.csv
2026-05-31 10:00:41,610 INFO [386208] 望月 reserve=2273095 -> D:\tmp\taptap_reserve\reserve.csv
2026-05-31 10:00:44,374 INFO [730674] 异人之下 reserve=2131430 -> D:\tmp\taptap_reserve\reserve.csv
2026-05-31 10:00:48,461 INFO [753921] 崩坏：因缘精灵 reserve=1761765 -> D:\tmp\taptap_reserve\reserve.csv
2026-05-31 10:00:52,751 INFO [749379] 天堂2：盟约 reserve=38835 -> D:\tmp\taptap_reserve\reserve.csv
2026-05-31 10:00:54,752 INFO Done. ok=9 skipped=2 failed=0
2026-06-01 10:00:44,438 INFO [740298] 不在 [发布前30天, 发布日] 窗口内, 跳过 (release=2026-05-27)
2026-06-01 10:00:44,442 INFO [759688] 不在 [发布前30天, 发布日] 窗口内, 跳过 (release=2026-05-28)
2026-06-01 10:00:46,224 INFO [746164] 夜幕之下 reserve=1715426 -> D:\tmp\taptap_reserve\reserve.csv
2026-06-01 10:00:50,572 INFO [383874] 无限大 reserve=3269604 -> D:\tmp\taptap_reserve\reserve.csv
2026-06-01 10:00:53,891 INFO [733908] 失控进化 reserve=2861468 -> D:\tmp\taptap_reserve\reserve.csv
2026-06-01 10:00:56,894 INFO [593829] 蓝色星原：旅谣 reserve=1868681 -> D:\tmp\taptap_reserve\reserve.csv
2026-06-01 10:01:00,009 INFO [772909] 粒粒的小人国 reserve=2282939 -> D:\tmp\taptap_reserve\reserve.csv
2026-06-01 10:01:03,509 INFO [386208] 望月 reserve=2285554 -> D:\tmp\taptap_reserve\reserve.csv
2026-06-01 10:01:07,572 INFO [730674] 异人之下 reserve=2131989 -> D:\tmp\taptap_reserve\reserve.csv
2026-06-01 10:01:10,499 INFO [753921] 崩坏：因缘精灵 reserve=1762139 -> D:\tmp\taptap_reserve\reserve.csv
2026-06-01 10:01:13,519 INFO [749379] 天堂2：盟约 reserve=38976 -> D:\tmp\taptap_reserve\reserve.csv
2026-06-01 10:01:15,521 INFO Done. ok=9 skipped=2 failed=0
2026-06-02 10:01:08,664 INFO [740298] 不在 [发布前30天, 发布日] 窗口内, 跳过 (release=2026-05-27)
2026-06-02 10:01:08,673 INFO [759688] 不在 [发布前30天, 发布日] 窗口内, 跳过 (release=2026-05-28)
2026-06-02 10:01:11,579 INFO [746164] 夜幕之下 reserve=1723580 -> D:\tmp\taptap_reserve\reserve.csv
2026-06-02 10:01:14,651 INFO [383874] 无限大 reserve=3270987 -> D:\tmp\taptap_reserve\reserve.csv
2026-06-02 10:01:17,661 INFO [733908] 失控进化 reserve=2863427 -> D:\tmp\taptap_reserve\reserve.csv
2026-06-02 10:01:20,675 INFO [593829] 蓝色星原：旅谣 reserve=1870102 -> D:\tmp\taptap_reserve\reserve.csv
2026-06-02 10:01:24,621 INFO [772909] 粒粒的小人国 reserve=2283984 -> D:\tmp\taptap_reserve\reserve.csv
2026-06-02 10:01:27,624 INFO [386208] 望月 reserve=2291020 -> D:\tmp\taptap_reserve\reserve.csv
2026-06-02 10:01:30,587 INFO [730674] 异人之下 reserve=2132303 -> D:\tmp\taptap_reserve\reserve.csv
2026-06-02 10:01:33,489 INFO [753921] 崩坏：因缘精灵 reserve=1762552 -> D:\tmp\taptap_reserve\reserve.csv
2026-06-02 10:01:40,509 INFO [749379] 天堂2：盟约 reserve=39125 -> D:\tmp\taptap_reserve\reserve.csv
2026-06-02 10:01:42,510 INFO Done. ok=9 skipped=2 failed=0
2026-06-03 10:00:04,139 INFO [740298] 不在 [发布前30天, 发布日] 窗口内, 跳过 (release=2026-05-27)
2026-06-03 10:00:04,142 INFO [759688] 不在 [发布前30天, 发布日] 窗口内, 跳过 (release=2026-05-28)
2026-06-03 10:00:05,182 INFO [746164] 夜幕之下 reserve=1733440 -> D:\tmp\taptap_reserve\reserve.csv
2026-06-03 10:00:08,256 INFO [383874] 无限大 reserve=3271843 -> D:\tmp\taptap_reserve\reserve.csv
2026-06-03 10:00:11,032 INFO [733908] 失控进化 reserve=2864979 -> D:\tmp\taptap_reserve\reserve.csv
2026-06-03 10:00:13,788 INFO [593829] 蓝色星原：旅谣 reserve=1871497 -> D:\tmp\taptap_reserve\reserve.csv
2026-06-03 10:00:16,574 INFO [772909] 粒粒的小人国 reserve=2284863 -> D:\tmp\taptap_reserve\reserve.csv
2026-06-03 10:00:19,389 INFO [386208] 望月 reserve=2294487 -> D:\tmp\taptap_reserve\reserve.csv
2026-06-03 10:00:22,250 INFO [730674] 异人之下 reserve=2132609 -> D:\tmp\taptap_reserve\reserve.csv
2026-06-03 10:00:25,020 INFO [753921] 崩坏：因缘精灵 reserve=1762854 -> D:\tmp\taptap_reserve\reserve.csv
2026-06-03 10:00:27,787 INFO [749379] 天堂2：盟约 reserve=39318 -> D:\tmp\taptap_reserve\reserve.csv
2026-06-03 10:00:29,788 INFO Done. ok=9 skipped=2 failed=0
2026-06-04 10:00:04,178 INFO [740298] 不在 [发布前30天, 发布日] 窗口内, 跳过 (release=2026-05-27)
2026-06-04 10:00:04,189 INFO [759688] 不在 [发布前30天, 发布日] 窗口内, 跳过 (release=2026-05-28)
2026-06-04 10:00:05,434 INFO [746164] 夜幕之下 reserve=1731196 -> D:\tmp\taptap_reserve\reserve.csv
2026-06-04 10:00:08,585 INFO [383874] 无限大 reserve=3272745 -> D:\tmp\taptap_reserve\reserve.csv
2026-06-04 10:00:19,788 INFO [733908] 失控进化 reserve=2866767 -> D:\tmp\taptap_reserve\reserve.csv
2026-06-04 10:00:22,744 INFO [593829] 蓝色星原：旅谣 reserve=1873291 -> D:\tmp\taptap_reserve\reserve.csv
2026-06-04 10:00:25,468 INFO [772909] 粒粒的小人国 reserve=2285831 -> D:\tmp\taptap_reserve\reserve.csv
2026-06-04 10:00:28,254 INFO [386208] 望月 reserve=2297962 -> D:\tmp\taptap_reserve\reserve.csv
2026-06-04 10:00:31,016 INFO [730674] 异人之下 reserve=2132970 -> D:\tmp\taptap_reserve\reserve.csv
2026-06-04 10:00:33,796 INFO [753921] 崩坏：因缘精灵 reserve=1763158 -> D:\tmp\taptap_reserve\reserve.csv
2026-06-04 10:00:36,552 INFO [749379] 天堂2：盟约 reserve=39498 -> D:\tmp\taptap_reserve\reserve.csv
2026-06-04 10:00:38,553 INFO Done. ok=9 skipped=2 failed=0
2026-06-05 10:00:04,684 INFO [740298] 不在 [发布前30天, 发布日] 窗口内, 跳过 (release=2026-05-27)
2026-06-05 10:00:04,685 INFO [759688] 不在 [发布前30天, 发布日] 窗口内, 跳过 (release=2026-05-28)
2026-06-05 10:00:05,895 INFO [746164] 夜幕之下 reserve=1730406 -> D:\tmp\taptap_reserve\reserve.csv
2026-06-05 10:00:08,754 INFO [383874] 无限大 reserve=3273610 -> D:\tmp\taptap_reserve\reserve.csv
2026-06-05 10:00:11,609 INFO [733908] 失控进化 reserve=2868418 -> D:\tmp\taptap_reserve\reserve.csv
2026-06-05 10:00:14,511 INFO [593829] 蓝色星原：旅谣 reserve=1875204 -> D:\tmp\taptap_reserve\reserve.csv
2026-06-05 10:00:17,325 INFO [772909] 粒粒的小人国 reserve=2286878 -> D:\tmp\taptap_reserve\reserve.csv
2026-06-05 10:00:20,197 INFO [386208] 望月 reserve=2301037 -> D:\tmp\taptap_reserve\reserve.csv
2026-06-05 10:00:23,014 INFO [730674] 异人之下 reserve=2133368 -> D:\tmp\taptap_reserve\reserve.csv
2026-06-05 10:00:25,815 INFO [753921] 崩坏：因缘精灵 reserve=1763507 -> D:\tmp\taptap_reserve\reserve.csv
2026-06-05 10:00:28,647 INFO [749379] 天堂2：盟约 reserve=39674 -> D:\tmp\taptap_reserve\reserve.csv
2026-06-05 10:00:30,648 INFO Done. ok=9 skipped=2 failed=0
2026-06-06 10:00:04,039 INFO [740298] 不在 [发布前30天, 发布日] 窗口内, 跳过 (release=2026-05-27)
2026-06-06 10:00:04,040 INFO [759688] 不在 [发布前30天, 发布日] 窗口内, 跳过 (release=2026-05-28)
2026-06-06 10:00:04,040 INFO [746164] 不在 [发布前30天, 发布日] 窗口内, 跳过 (release=2026-06-05)
2026-06-06 10:00:05,056 INFO [383874] 无限大 reserve=3274782 -> D:\tmp\taptap_reserve\reserve.csv
2026-06-06 10:00:07,816 INFO [733908] 失控进化 reserve=2870811 -> D:\tmp\taptap_reserve\reserve.csv
2026-06-06 10:00:10,629 INFO [593829] 蓝色星原：旅谣 reserve=1877765 -> D:\tmp\taptap_reserve\reserve.csv
2026-06-06 10:00:13,379 INFO [772909] 粒粒的小人国 reserve=2288430 -> D:\tmp\taptap_reserve\reserve.csv
2026-06-06 10:00:16,106 INFO [386208] 望月 reserve=2305365 -> D:\tmp\taptap_reserve\reserve.csv
2026-06-06 10:00:18,890 INFO [730674] 异人之下 reserve=2133881 -> D:\tmp\taptap_reserve\reserve.csv
2026-06-06 10:00:21,645 INFO [753921] 崩坏：因缘精灵 reserve=1763926 -> D:\tmp\taptap_reserve\reserve.csv
2026-06-06 10:00:24,407 INFO [749379] 天堂2：盟约 reserve=39862 -> D:\tmp\taptap_reserve\reserve.csv
2026-06-06 10:00:26,408 INFO Done. ok=8 skipped=3 failed=0
2026-06-07 10:00:04,536 INFO [740298] 不在 [发布前30天, 发布日] 窗口内, 跳过 (release=2026-05-27)
2026-06-07 10:00:04,537 INFO [759688] 不在 [发布前30天, 发布日] 窗口内, 跳过 (release=2026-05-28)
2026-06-07 10:00:04,537 INFO [746164] 不在 [发布前30天, 发布日] 窗口内, 跳过 (release=2026-06-05)
2026-06-07 10:00:05,631 INFO [383874] 无限大 reserve=3277144 -> D:\tmp\taptap_reserve\reserve.csv
2026-06-07 10:00:08,406 INFO [733908] 失控进化 reserve=2873831 -> D:\tmp\taptap_reserve\reserve.csv
2026-06-07 10:00:11,222 INFO [593829] 蓝色星原：旅谣 reserve=1881002 -> D:\tmp\taptap_reserve\reserve.csv
2026-06-07 10:00:13,954 INFO [772909] 粒粒的小人国 reserve=2290691 -> D:\tmp\taptap_reserve\reserve.csv
2026-06-07 10:00:16,697 INFO [386208] 望月 reserve=2310763 -> D:\tmp\taptap_reserve\reserve.csv
2026-06-07 10:00:19,402 INFO [730674] 异人之下 reserve=2134611 -> D:\tmp\taptap_reserve\reserve.csv
2026-06-07 10:00:22,147 INFO [753921] 崩坏：因缘精灵 reserve=1764585 -> D:\tmp\taptap_reserve\reserve.csv
2026-06-07 10:00:24,939 INFO [749379] 天堂2：盟约 reserve=40045 -> D:\tmp\taptap_reserve\reserve.csv
2026-06-07 10:00:26,942 INFO Done. ok=8 skipped=3 failed=0
2026-06-08 10:00:04,087 INFO [740298] 不在 [发布前30天, 发布日] 窗口内, 跳过 (release=2026-05-27)
2026-06-08 10:00:04,089 INFO [759688] 不在 [发布前30天, 发布日] 窗口内, 跳过 (release=2026-05-28)
2026-06-08 10:00:04,089 INFO [746164] 不在 [发布前30天, 发布日] 窗口内, 跳过 (release=2026-06-05)
2026-06-08 10:00:05,119 INFO [383874] 无限大 reserve=3279134 -> D:\tmp\taptap_reserve\reserve.csv
2026-06-08 10:00:07,882 INFO [733908] 失控进化 reserve=2875956 -> D:\tmp\taptap_reserve\reserve.csv
2026-06-08 10:00:10,680 INFO [593829] 蓝色星原：旅谣 reserve=1884302 -> D:\tmp\taptap_reserve\reserve.csv
2026-06-08 10:00:13,444 INFO [772909] 粒粒的小人国 reserve=2292463 -> D:\tmp\taptap_reserve\reserve.csv
2026-06-08 10:00:16,209 INFO [386208] 望月 reserve=2316496 -> D:\tmp\taptap_reserve\reserve.csv
2026-06-08 10:00:19,090 INFO [730674] 异人之下 reserve=2135197 -> D:\tmp\taptap_reserve\reserve.csv
2026-06-08 10:00:21,870 INFO [753921] 崩坏：因缘精灵 reserve=1765241 -> D:\tmp\taptap_reserve\reserve.csv
2026-06-08 10:00:24,676 INFO [749379] 天堂2：盟约 reserve=40309 -> D:\tmp\taptap_reserve\reserve.csv
2026-06-08 10:00:26,677 INFO Done. ok=8 skipped=3 failed=0
2026-06-09 10:00:04,603 INFO [740298] 不在 [发布前30天, 发布日] 窗口内, 跳过 (release=2026-05-27)
2026-06-09 10:00:04,608 INFO [759688] 不在 [发布前30天, 发布日] 窗口内, 跳过 (release=2026-05-28)
2026-06-09 10:00:04,609 INFO [746164] 不在 [发布前30天, 发布日] 窗口内, 跳过 (release=2026-06-05)
2026-06-09 10:00:05,783 INFO [383874] 无限大 reserve=3280293 -> D:\tmp\taptap_reserve\reserve.csv
2026-06-09 10:00:21,135 INFO [733908] 失控进化 reserve=2877034 -> D:\tmp\taptap_reserve\reserve.csv
2026-06-09 10:00:27,377 INFO [593829] 蓝色星原：旅谣 reserve=1886949 -> D:\tmp\taptap_reserve\reserve.csv
2026-06-09 10:00:31,233 INFO [772909] 粒粒的小人国 reserve=2293597 -> D:\tmp\taptap_reserve\reserve.csv
2026-06-09 10:00:35,416 INFO [386208] 望月 reserve=2321572 -> D:\tmp\taptap_reserve\reserve.csv
2026-06-09 10:00:38,195 INFO [730674] 异人之下 reserve=2135982 -> D:\tmp\taptap_reserve\reserve.csv
2026-06-09 10:00:41,017 INFO [753921] 崩坏：因缘精灵 reserve=1765688 -> D:\tmp\taptap_reserve\reserve.csv
2026-06-09 10:00:43,776 INFO [749379] 天堂2：盟约 reserve=40547 -> D:\tmp\taptap_reserve\reserve.csv
2026-06-09 10:00:45,777 INFO Done. ok=8 skipped=3 failed=0
2026-06-10 10:17:58,816 INFO [740298] 不在 [发布前30天, 发布日] 窗口内, 跳过 (release=2026-05-27)
2026-06-10 10:17:58,816 INFO [759688] 不在 [发布前30天, 发布日] 窗口内, 跳过 (release=2026-05-28)
2026-06-10 10:17:58,816 INFO [746164] 不在 [发布前30天, 发布日] 窗口内, 跳过 (release=2026-06-05)
2026-06-10 10:17:59,733 INFO [383874] 无限大 reserve=3281124 -> D:\tmp\taptap_reserve\reserve.csv
2026-06-10 10:18:02,375 INFO [733908] 失控进化 reserve=2880100 -> D:\tmp\taptap_reserve\reserve.csv
2026-06-10 10:18:05,029 INFO [593829] 蓝色星原：旅谣 reserve=1889733 -> D:\tmp\taptap_reserve\reserve.csv
2026-06-10 10:18:07,697 INFO [772909] 粒粒的小人国 reserve=2294808 -> D:\tmp\taptap_reserve\reserve.csv
2026-06-10 10:18:10,348 INFO [386208] 望月 reserve=2325653 -> D:\tmp\taptap_reserve\reserve.csv
2026-06-10 10:18:13,073 INFO [730674] 异人之下 reserve=2136727 -> D:\tmp\taptap_reserve\reserve.csv
2026-06-10 10:18:15,678 INFO [753921] 崩坏：因缘精灵 reserve=1766210 -> D:\tmp\taptap_reserve\reserve.csv
2026-06-10 10:18:18,754 INFO [749379] 天堂2：盟约 reserve=40802 -> D:\tmp\taptap_reserve\reserve.csv
2026-06-10 10:18:20,755 INFO Done. ok=8 skipped=3 failed=0
2026-06-11 10:00:03,257 INFO [740298] 不在 [发布前30天, 发布日] 窗口内, 跳过 (release=2026-05-27)
2026-06-11 10:00:03,259 INFO [759688] 不在 [发布前30天, 发布日] 窗口内, 跳过 (release=2026-05-28)
2026-06-11 10:00:03,259 INFO [746164] 不在 [发布前30天, 发布日] 窗口内, 跳过 (release=2026-06-05)
2026-06-11 10:00:04,253 INFO [383874] 无限大 reserve=3281867 -> D:\tmp\taptap_reserve\reserve.csv
2026-06-11 10:00:07,007 INFO [733908] 失控进化 reserve=2882752 -> D:\tmp\taptap_reserve\reserve.csv
2026-06-11 10:00:09,737 INFO [593829] 蓝色星原：旅谣 reserve=1892206 -> D:\tmp\taptap_reserve\reserve.csv
2026-06-11 10:00:12,456 INFO [772909] 粒粒的小人国 reserve=2295954 -> D:\tmp\taptap_reserve\reserve.csv
2026-06-11 10:00:15,266 INFO [386208] 望月 reserve=2329229 -> D:\tmp\taptap_reserve\reserve.csv
2026-06-11 10:00:18,113 INFO [730674] 异人之下 reserve=2137375 -> D:\tmp\taptap_reserve\reserve.csv
2026-06-11 10:00:20,937 INFO [753921] 崩坏：因缘精灵 reserve=1766642 -> D:\tmp\taptap_reserve\reserve.csv
2026-06-11 10:00:23,860 INFO [749379] 天堂2：盟约 reserve=41187 -> D:\tmp\taptap_reserve\reserve.csv
2026-06-11 10:00:25,861 INFO Done. ok=8 skipped=3 failed=0
2026-06-12 10:00:05,141 INFO [740298] 不在 [发布前30天, 发布日] 窗口内, 跳过 (release=2026-05-27)
2026-06-12 10:00:05,143 INFO [759688] 不在 [发布前30天, 发布日] 窗口内, 跳过 (release=2026-05-28)
2026-06-12 10:00:05,143 INFO [746164] 不在 [发布前30天, 发布日] 窗口内, 跳过 (release=2026-06-05)
2026-06-12 10:00:06,371 INFO [383874] 无限大 reserve=3282801 -> D:\tmp\taptap_reserve\reserve.csv
2026-06-12 10:00:18,752 INFO [733908] 失控进化 reserve=2885574 -> D:\tmp\taptap_reserve\reserve.csv
2026-06-12 10:00:23,084 INFO [593829] 蓝色星原：旅谣 reserve=1894542 -> D:\tmp\taptap_reserve\reserve.csv
2026-06-12 10:00:26,366 INFO [772909] 粒粒的小人国 reserve=2297108 -> D:\tmp\taptap_reserve\reserve.csv
2026-06-12 10:00:36,760 INFO [386208] 望月 reserve=2331654 -> D:\tmp\taptap_reserve\reserve.csv
2026-06-12 10:00:40,017 INFO [730674] 异人之下 reserve=2137918 -> D:\tmp\taptap_reserve\reserve.csv
2026-06-12 10:00:42,877 INFO [753921] 崩坏：因缘精灵 reserve=1767044 -> D:\tmp\taptap_reserve\reserve.csv
2026-06-12 10:00:45,799 INFO [749379] 天堂2：盟约 reserve=41674 -> D:\tmp\taptap_reserve\reserve.csv
2026-06-12 10:00:47,800 INFO Done. ok=8 skipped=3 failed=0
2026-06-13 10:00:03,355 INFO [740298] 不在 [发布前30天, 发布日] 窗口内, 跳过 (release=2026-05-27)
2026-06-13 10:00:03,357 INFO [759688] 不在 [发布前30天, 发布日] 窗口内, 跳过 (release=2026-05-28)
2026-06-13 10:00:03,357 INFO [746164] 不在 [发布前30天, 发布日] 窗口内, 跳过 (release=2026-06-05)
2026-06-13 10:00:04,468 INFO [383874] 无限大 reserve=3283842 -> D:\tmp\taptap_reserve\reserve.csv
2026-06-13 10:00:07,190 INFO [733908] 失控进化 reserve=2889038 -> D:\tmp\taptap_reserve\reserve.csv
2026-06-13 10:00:15,320 INFO [593829] 蓝色星原：旅谣 reserve=1897359 -> D:\tmp\taptap_reserve\reserve.csv
2026-06-13 10:00:18,220 INFO [772909] 粒粒的小人国 reserve=2298685 -> D:\tmp\taptap_reserve\reserve.csv
2026-06-13 10:00:20,965 INFO [386208] 望月 reserve=2334429 -> D:\tmp\taptap_reserve\reserve.csv
2026-06-13 10:00:23,693 INFO [730674] 异人之下 reserve=2138516 -> D:\tmp\taptap_reserve\reserve.csv
2026-06-13 10:00:32,222 INFO [753921] 崩坏：因缘精灵 reserve=1767472 -> D:\tmp\taptap_reserve\reserve.csv
2026-06-13 10:00:35,014 INFO [749379] 天堂2：盟约 reserve=42047 -> D:\tmp\taptap_reserve\reserve.csv
2026-06-13 10:00:37,015 INFO Done. ok=8 skipped=3 failed=0
2026-06-14 10:00:03,885 INFO [740298] 不在 [发布前30天, 发布日] 窗口内, 跳过 (release=2026-05-27)
2026-06-14 10:00:03,887 INFO [759688] 不在 [发布前30天, 发布日] 窗口内, 跳过 (release=2026-05-28)
2026-06-14 10:00:03,887 INFO [746164] 不在 [发布前30天, 发布日] 窗口内, 跳过 (release=2026-06-05)
2026-06-14 10:00:05,012 INFO [383874] 无限大 reserve=3285760 -> D:\tmp\taptap_reserve\reserve.csv
2026-06-14 10:00:07,812 INFO [733908] 失控进化 reserve=2895043 -> D:\tmp\taptap_reserve\reserve.csv
2026-06-14 10:00:14,472 INFO [593829] 蓝色星原：旅谣 reserve=1900640 -> D:\tmp\taptap_reserve\reserve.csv
2026-06-14 10:00:19,266 INFO [772909] 粒粒的小人国 reserve=2300907 -> D:\tmp\taptap_reserve\reserve.csv
2026-06-14 10:00:21,997 INFO [386208] 望月 reserve=2338816 -> D:\tmp\taptap_reserve\reserve.csv
2026-06-14 10:00:24,789 INFO [730674] 异人之下 reserve=2139175 -> D:\tmp\taptap_reserve\reserve.csv
2026-06-14 10:00:27,642 INFO [753921] 崩坏：因缘精灵 reserve=1768032 -> D:\tmp\taptap_reserve\reserve.csv
2026-06-14 10:00:30,438 INFO [749379] 天堂2：盟约 reserve=42400 -> D:\tmp\taptap_reserve\reserve.csv
2026-06-14 10:00:32,439 INFO Done. ok=8 skipped=3 failed=0
2026-06-15 10:00:03,776 INFO [740298] 不在 [发布前30天, 发布日] 窗口内, 跳过 (release=2026-05-27)
2026-06-15 10:00:03,777 INFO [759688] 不在 [发布前30天, 发布日] 窗口内, 跳过 (release=2026-05-28)
2026-06-15 10:00:03,777 INFO [746164] 不在 [发布前30天, 发布日] 窗口内, 跳过 (release=2026-06-05)
2026-06-15 10:00:05,017 INFO [383874] 无限大 reserve=3287427 -> D:\tmp\taptap_reserve\reserve.csv
2026-06-15 10:00:07,807 INFO [733908] 失控进化 reserve=2899849 -> D:\tmp\taptap_reserve\reserve.csv
2026-06-15 10:00:10,766 INFO [593829] 蓝色星原：旅谣 reserve=1903031 -> D:\tmp\taptap_reserve\reserve.csv
2026-06-15 10:00:16,090 INFO [772909] 粒粒的小人国 reserve=2302580 -> D:\tmp\taptap_reserve\reserve.csv
2026-06-15 10:00:18,997 INFO [386208] 望月 reserve=2342503 -> D:\tmp\taptap_reserve\reserve.csv
2026-06-15 10:00:21,762 INFO [730674] 异人之下 reserve=2139810 -> D:\tmp\taptap_reserve\reserve.csv
2026-06-15 10:00:24,634 INFO [753921] 崩坏：因缘精灵 reserve=1768504 -> D:\tmp\taptap_reserve\reserve.csv
2026-06-15 10:00:27,396 INFO [749379] 天堂2：盟约 reserve=42731 -> D:\tmp\taptap_reserve\reserve.csv
2026-06-15 10:00:29,398 INFO Done. ok=8 skipped=3 failed=0
2026-06-16 10:22:57,741 INFO [740298] 不在 [发布前30天, 发布日] 窗口内, 跳过 (release=2026-05-27)
2026-06-16 10:22:57,742 INFO [759688] 不在 [发布前30天, 发布日] 窗口内, 跳过 (release=2026-05-28)
2026-06-16 10:22:57,742 INFO [746164] 不在 [发布前30天, 发布日] 窗口内, 跳过 (release=2026-06-05)
2026-06-16 10:22:58,686 INFO [383874] 无限大 reserve=3288108 -> D:\taptap_reserve\reserve.csv
2026-06-16 10:23:01,373 INFO [733908] 失控进化 reserve=2902535 -> D:\taptap_reserve\reserve.csv
2026-06-16 10:23:04,093 INFO [593829] 蓝色星原：旅谣 reserve=1904749 -> D:\taptap_reserve\reserve.csv
2026-06-16 10:23:06,829 INFO [772909] 粒粒的小人国 reserve=2303861 -> D:\taptap_reserve\reserve.csv
2026-06-16 10:23:09,610 INFO [386208] 望月 reserve=2344811 -> D:\taptap_reserve\reserve.csv
2026-06-16 10:23:12,342 INFO [730674] 异人之下 reserve=2140644 -> D:\taptap_reserve\reserve.csv
2026-06-16 10:23:15,022 INFO [753921] 崩坏：因缘精灵 reserve=1768869 -> D:\taptap_reserve\reserve.csv
2026-06-16 10:23:17,717 INFO [749379] 天堂2：盟约 reserve=43124 -> D:\taptap_reserve\reserve.csv
2026-06-16 10:23:19,718 INFO Done. ok=8 skipped=3 failed=0
2026-06-17 10:00:03,363 INFO [740298] 不在 [发布前30天, 发布日] 窗口内, 跳过 (release=2026-05-27)
2026-06-17 10:00:03,364 INFO [759688] 不在 [发布前30天, 发布日] 窗口内, 跳过 (release=2026-05-28)
2026-06-17 10:00:03,364 INFO [746164] 不在 [发布前30天, 发布日] 窗口内, 跳过 (release=2026-06-05)
2026-06-17 10:00:04,220 INFO [383874] 无限大 reserve=3288784 -> D:\taptap_reserve\reserve.csv
2026-06-17 10:00:06,750 INFO [733908] 失控进化 reserve=2905802 -> D:\taptap_reserve\reserve.csv
2026-06-17 10:00:09,253 INFO [593829] 蓝色星原：旅谣 reserve=1906277 -> D:\taptap_reserve\reserve.csv
2026-06-17 10:00:11,747 INFO [772909] 粒粒的小人国 reserve=2304938 -> D:\taptap_reserve\reserve.csv
2026-06-17 10:00:14,237 INFO [386208] 望月 reserve=2346821 -> D:\taptap_reserve\reserve.csv
2026-06-17 10:00:16,766 INFO [730674] 异人之下 reserve=2141124 -> D:\taptap_reserve\reserve.csv
2026-06-17 10:00:19,337 INFO [753921] 崩坏：因缘精灵 reserve=1769233 -> D:\taptap_reserve\reserve.csv
2026-06-17 10:00:21,881 INFO [749379] 天堂2：盟约 reserve=43515 -> D:\taptap_reserve\reserve.csv
2026-06-17 10:00:23,889 INFO Done. ok=8 skipped=3 failed=0
